<?xml version="1.0" encoding="UTF-8"?>
<!-- Generated by org.testng.reporters.JUnitReportReporter -->
<testsuite hostname="DESKTOP-7UAF2KK" failures="0" tests="4" name="TestSuitP0" time="0.021" errors="0" timestamp="2025-09-18T17:17:33 PKT" skipped="0">
  <testcase classname="TestSuitP0" name="TC1" time="0.012"/>
  <testcase classname="TestSuitP0" name="TC3" time="0.004"/>
  <testcase classname="TestSuitP0" name="TC4" time="0.002"/>
  <testcase classname="TestSuitP0" name="TC2" time="0.003"/>
</testsuite> <!-- TestSuitP0 -->
